<?xml version="1.0" encoding="UTF-8"?>
<!-- Generated by org.testng.reporters.JUnitReportReporter -->
<testsuite skipped="0" hostname="Deepshikhas-Air.fios-router.home" name="com.qa.api.gorest.tests.GetImgurAPITest" tests="3" failures="0" timestamp="12 Mar 2021 21:56:06 GMT" time="12.691" errors="0">
  <testcase name="uploadImagePostAPITest" time="11.495" classname="com.qa.api.gorest.tests.GetImgurAPITest"/>
  <testcase name="getAccountImagesTest" time="0.607" classname="com.qa.api.gorest.tests.GetImgurAPITest"/>
  <testcase name="getAccountBlockStatus" time="0.589" classname="com.qa.api.gorest.tests.GetImgurAPITest"/>
</testsuite> <!-- com.qa.api.gorest.tests.GetImgurAPITest -->
