<?xml version="1.0" encoding="UTF-8"?>
<!-- Generated by org.testng.reporters.JUnitReportReporter -->
<testsuite skipped="0" hostname="Deepshikhas-Air.fios-router.home" name="com.qa.api.gorest.testdata.GetUserTest" tests="2" failures="0" timestamp="25 Feb 2021 00:42:30 GMT" time="5.372" errors="0">
  <testcase name="getAllUsersListAPITest" time="3.591" classname="com.qa.api.gorest.testdata.GetUserTest"/>
  <testcase name="getUsersListWithQueryParamsAPITest" time="1.781" classname="com.qa.api.gorest.testdata.GetUserTest"/>
</testsuite> <!-- com.qa.api.gorest.testdata.GetUserTest -->
