<?xml version="1.0" encoding="UTF-8"?>
<!-- Generated by org.testng.reporters.JUnitReportReporter -->
<testsuite skipped="0" hostname="Deepshikhas-Air.fios-router.home" name="com.qa.api.gorest.pojo.UserResult" tests="1" failures="0" timestamp="12 Mar 2021 21:56:06 GMT" time="5.594" errors="0">
  <testcase name="createUserWithFullJson" time="5.594" classname="com.qa.api.gorest.pojo.UserResult"/>
</testsuite> <!-- com.qa.api.gorest.pojo.UserResult -->
