<?xml version="1.0" encoding="UTF-8"?>
<!-- Generated by org.testng.reporters.JUnitReportReporter -->
<testsuite skipped="0" hostname="Deepshikhas-Air.fios-router.home" name="com.qa.api.gorest.tests.GetUserTest" tests="2" failures="0" timestamp="12 Mar 2021 22:03:00 GMT" time="6.196" errors="0">
  <testcase name="getUsersListWithQueryParamsAPITest" time="1.369" classname="com.qa.api.gorest.tests.GetUserTest"/>
  <testcase name="getAllUsersListAPITest" time="4.827" classname="com.qa.api.gorest.tests.GetUserTest"/>
</testsuite> <!-- com.qa.api.gorest.tests.GetUserTest -->
