<?xml version="1.0" encoding="UTF-8"?>
<!-- Generated by org.testng.reporters.JUnitReportReporter -->
<testsuite skipped="0" hostname="Deepshikhas-Air.fios-router.home" name="com.qa.api.gorest.tests.GetImgurAPITest" tests="3" failures="0" timestamp="12 Mar 2021 22:03:00 GMT" time="10.925" errors="0">
  <testcase name="getAccountImagesTest" time="0.721" classname="com.qa.api.gorest.tests.GetImgurAPITest"/>
  <testcase name="uploadImagePostAPITest" time="9.593" classname="com.qa.api.gorest.tests.GetImgurAPITest"/>
  <testcase name="getAccountBlockStatus" time="0.611" classname="com.qa.api.gorest.tests.GetImgurAPITest"/>
</testsuite> <!-- com.qa.api.gorest.tests.GetImgurAPITest -->
